Analysis & Synthesis report for DE1_SoC
Sun Oct 13 20:46:49 2019
Quartus Prime Version 17.0.0 Build 595 04/25/2017 SJ Lite Edition


---------------------
; Table of Contents ;
---------------------
  1. Legal Notice
  2. Analysis & Synthesis Summary
  3. Analysis & Synthesis Settings
  4. Parallel Compilation
  5. Analysis & Synthesis Source Files Read
  6. Analysis & Synthesis Resource Usage Summary
  7. Analysis & Synthesis Resource Utilization by Entity
  8. Registers Removed During Synthesis
  9. General Register Statistics
 10. Multiplexer Restructuring Statistics (Restructuring Performed)
 11. Post-Synthesis Netlist Statistics for Top Partition
 12. Elapsed Time Per Partition
 13. Analysis & Synthesis Messages



----------------
; Legal Notice ;
----------------
Copyright (C) 2017  Intel Corporation. All rights reserved.
Your use of Intel Corporation's design tools, logic functions 
and other software and tools, and its AMPP partner logic 
functions, and any output files from any of the foregoing 
(including device programming or simulation files), and any 
associated documentation or information are expressly subject 
to the terms and conditions of the Intel Program License 
Subscription Agreement, the Intel Quartus Prime License Agreement,
the Intel MegaCore Function License Agreement, or other 
applicable license agreement, including, without limitation, 
that your use is for the sole purpose of programming logic 
devices manufactured by Intel and sold by Intel or its 
authorized distributors.  Please refer to the applicable 
agreement for further details.



+-------------------------------------------------------------------------------+
; Analysis & Synthesis Summary                                                  ;
+---------------------------------+---------------------------------------------+
; Analysis & Synthesis Status     ; Successful - Sun Oct 13 20:46:49 2019       ;
; Quartus Prime Version           ; 17.0.0 Build 595 04/25/2017 SJ Lite Edition ;
; Revision Name                   ; DE1_SoC                                     ;
; Top-level Entity Name           ; DE1_SoC                                     ;
; Family                          ; Cyclone V                                   ;
; Logic utilization (in ALMs)     ; N/A                                         ;
; Total registers                 ; 13                                          ;
; Total pins                      ; 103                                         ;
; Total virtual pins              ; 0                                           ;
; Total block memory bits         ; 0                                           ;
; Total DSP Blocks                ; 0                                           ;
; Total HSSI RX PCSs              ; 0                                           ;
; Total HSSI PMA RX Deserializers ; 0                                           ;
; Total HSSI TX PCSs              ; 0                                           ;
; Total HSSI PMA TX Serializers   ; 0                                           ;
; Total PLLs                      ; 0                                           ;
; Total DLLs                      ; 0                                           ;
+---------------------------------+---------------------------------------------+


+---------------------------------------------------------------------------------------------------------------------------+
; Analysis & Synthesis Settings                                                                                             ;
+---------------------------------------------------------------------------------+--------------------+--------------------+
; Option                                                                          ; Setting            ; Default Value      ;
+---------------------------------------------------------------------------------+--------------------+--------------------+
; Device                                                                          ; 5CSEMA5F31C6       ;                    ;
; Top-level entity name                                                           ; DE1_SoC            ; DE1_SoC            ;
; Family name                                                                     ; Cyclone V          ; Cyclone V          ;
; State Machine Processing                                                        ; User-Encoded       ; Auto               ;
; Use smart compilation                                                           ; Off                ; Off                ;
; Enable parallel Assembler and TimeQuest Timing Analyzer during compilation      ; On                 ; On                 ;
; Enable compact report table                                                     ; Off                ; Off                ;
; Restructure Multiplexers                                                        ; Auto               ; Auto               ;
; MLAB Add Timing Constraints For Mixed-Port Feed-Through Mode Setting Don't Care ; Off                ; Off                ;
; Create Debugging Nodes for IP Cores                                             ; Off                ; Off                ;
; Preserve fewer node names                                                       ; On                 ; On                 ;
; OpenCore Plus hardware evaluation                                               ; Enable             ; Enable             ;
; Verilog Version                                                                 ; Verilog_2001       ; Verilog_2001       ;
; VHDL Version                                                                    ; VHDL_1993          ; VHDL_1993          ;
; Safe State Machine                                                              ; Off                ; Off                ;
; Extract Verilog State Machines                                                  ; On                 ; On                 ;
; Extract VHDL State Machines                                                     ; On                 ; On                 ;
; Ignore Verilog initial constructs                                               ; Off                ; Off                ;
; Iteration limit for constant Verilog loops                                      ; 5000               ; 5000               ;
; Iteration limit for non-constant Verilog loops                                  ; 250                ; 250                ;
; Add Pass-Through Logic to Inferred RAMs                                         ; On                 ; On                 ;
; Infer RAMs from Raw Logic                                                       ; On                 ; On                 ;
; Parallel Synthesis                                                              ; On                 ; On                 ;
; DSP Block Balancing                                                             ; Auto               ; Auto               ;
; NOT Gate Push-Back                                                              ; On                 ; On                 ;
; Power-Up Don't Care                                                             ; On                 ; On                 ;
; Remove Redundant Logic Cells                                                    ; Off                ; Off                ;
; Remove Duplicate Registers                                                      ; On                 ; On                 ;
; Ignore CARRY Buffers                                                            ; Off                ; Off                ;
; Ignore CASCADE Buffers                                                          ; Off                ; Off                ;
; Ignore GLOBAL Buffers                                                           ; Off                ; Off                ;
; Ignore ROW GLOBAL Buffers                                                       ; Off                ; Off                ;
; Ignore LCELL Buffers                                                            ; Off                ; Off                ;
; Ignore SOFT Buffers                                                             ; On                 ; On                 ;
; Limit AHDL Integers to 32 Bits                                                  ; Off                ; Off                ;
; Optimization Technique                                                          ; Balanced           ; Balanced           ;
; Carry Chain Length                                                              ; 70                 ; 70                 ;
; Auto Carry Chains                                                               ; On                 ; On                 ;
; Auto Open-Drain Pins                                                            ; On                 ; On                 ;
; Perform WYSIWYG Primitive Resynthesis                                           ; Off                ; Off                ;
; Auto ROM Replacement                                                            ; On                 ; On                 ;
; Auto RAM Replacement                                                            ; On                 ; On                 ;
; Auto DSP Block Replacement                                                      ; On                 ; On                 ;
; Auto Shift Register Replacement                                                 ; Auto               ; Auto               ;
; Allow Shift Register Merging across Hierarchies                                 ; Auto               ; Auto               ;
; Auto Clock Enable Replacement                                                   ; On                 ; On                 ;
; Strict RAM Replacement                                                          ; Off                ; Off                ;
; Allow Synchronous Control Signals                                               ; On                 ; On                 ;
; Force Use of Synchronous Clear Signals                                          ; Off                ; Off                ;
; Auto Resource Sharing                                                           ; Off                ; Off                ;
; Allow Any RAM Size For Recognition                                              ; Off                ; Off                ;
; Allow Any ROM Size For Recognition                                              ; Off                ; Off                ;
; Allow Any Shift Register Size For Recognition                                   ; Off                ; Off                ;
; Use LogicLock Constraints during Resource Balancing                             ; On                 ; On                 ;
; Ignore translate_off and synthesis_off directives                               ; Off                ; Off                ;
; Timing-Driven Synthesis                                                         ; On                 ; On                 ;
; Report Parameter Settings                                                       ; On                 ; On                 ;
; Report Source Assignments                                                       ; On                 ; On                 ;
; Report Connectivity Checks                                                      ; On                 ; On                 ;
; Ignore Maximum Fan-Out Assignments                                              ; Off                ; Off                ;
; Synchronization Register Chain Length                                           ; 3                  ; 3                  ;
; PowerPlay Power Optimization During Synthesis                                   ; Normal compilation ; Normal compilation ;
; HDL message level                                                               ; Level2             ; Level2             ;
; Suppress Register Optimization Related Messages                                 ; Off                ; Off                ;
; Number of Removed Registers Reported in Synthesis Report                        ; 5000               ; 5000               ;
; Number of Swept Nodes Reported in Synthesis Report                              ; 5000               ; 5000               ;
; Number of Inverted Registers Reported in Synthesis Report                       ; 100                ; 100                ;
; Clock MUX Protection                                                            ; On                 ; On                 ;
; Auto Gated Clock Conversion                                                     ; Off                ; Off                ;
; Block Design Naming                                                             ; Auto               ; Auto               ;
; SDC constraint protection                                                       ; Off                ; Off                ;
; Synthesis Effort                                                                ; Auto               ; Auto               ;
; Shift Register Replacement - Allow Asynchronous Clear Signal                    ; On                 ; On                 ;
; Pre-Mapping Resynthesis Optimization                                            ; Off                ; Off                ;
; Analysis & Synthesis Message Level                                              ; Medium             ; Medium             ;
; Disable Register Merging Across Hierarchies                                     ; Auto               ; Auto               ;
; Resource Aware Inference For Block RAM                                          ; On                 ; On                 ;
; Automatic Parallel Synthesis                                                    ; On                 ; On                 ;
; Partial Reconfiguration Bitstream ID                                            ; Off                ; Off                ;
+---------------------------------------------------------------------------------+--------------------+--------------------+


+------------------------------------------+
; Parallel Compilation                     ;
+----------------------------+-------------+
; Processors                 ; Number      ;
+----------------------------+-------------+
; Number detected on machine ; 4           ;
; Maximum allowed            ; 2           ;
;                            ;             ;
; Average used               ; 1.00        ;
; Maximum used               ; 2           ;
;                            ;             ;
; Usage by Processor         ; % Time Used ;
;     Processor 1            ; 100.0%      ;
;     Processor 2            ;   0.0%      ;
+----------------------------+-------------+


+------------------------------------------------------------------------------------------------------------------------------------------------------+
; Analysis & Synthesis Source Files Read                                                                                                               ;
+----------------------------------+-----------------+------------------------------+--------------------------------------------------------+---------+
; File Name with User-Entered Path ; Used in Netlist ; File Type                    ; File Name with Absolute Path                           ; Library ;
+----------------------------------+-----------------+------------------------------+--------------------------------------------------------+---------+
; DE1_SoC.sv                       ; yes             ; User SystemVerilog HDL File  ; C:/Users/concon/workspace/EE 371/lab1/DE1_SoC.sv       ;         ;
; userInput.sv                     ; yes             ; User SystemVerilog HDL File  ; C:/Users/concon/workspace/EE 371/lab1/userInput.sv     ;         ;
; metastability.sv                 ; yes             ; User SystemVerilog HDL File  ; C:/Users/concon/workspace/EE 371/lab1/metastability.sv ;         ;
; keyPress.sv                      ; yes             ; User SystemVerilog HDL File  ; C:/Users/concon/workspace/EE 371/lab1/keyPress.sv      ;         ;
; parkingLot.sv                    ; yes             ; User SystemVerilog HDL File  ; C:/Users/concon/workspace/EE 371/lab1/parkingLot.sv    ;         ;
; counter.sv                       ; yes             ; User SystemVerilog HDL File  ; C:/Users/concon/workspace/EE 371/lab1/counter.sv       ;         ;
; displayStatus.sv                 ; yes             ; User SystemVerilog HDL File  ; C:/Users/concon/workspace/EE 371/lab1/displayStatus.sv ;         ;
+----------------------------------+-----------------+------------------------------+--------------------------------------------------------+---------+


+----------------------------------------------------------------------+
; Analysis & Synthesis Resource Usage Summary                          ;
+---------------------------------------------+------------------------+
; Resource                                    ; Usage                  ;
+---------------------------------------------+------------------------+
; Estimate of Logic utilization (ALMs needed) ; 20                     ;
;                                             ;                        ;
; Combinational ALUT usage for logic          ; 37                     ;
;     -- 7 input functions                    ; 0                      ;
;     -- 6 input functions                    ; 3                      ;
;     -- 5 input functions                    ; 21                     ;
;     -- 4 input functions                    ; 4                      ;
;     -- <=3 input functions                  ; 9                      ;
;                                             ;                        ;
; Dedicated logic registers                   ; 13                     ;
;                                             ;                        ;
; I/O pins                                    ; 103                    ;
;                                             ;                        ;
; Total DSP Blocks                            ; 0                      ;
;                                             ;                        ;
; Maximum fan-out node                        ; counter:count|count[1] ;
; Maximum fan-out                             ; 22                     ;
; Total fan-out                               ; 331                    ;
; Average fan-out                             ; 1.29                   ;
+---------------------------------------------+------------------------+


+----------------------------------------------------------------------------------------------------------------------------------------------------------------------------------------------------------------------+
; Analysis & Synthesis Resource Utilization by Entity                                                                                                                                                                  ;
+-----------------------------+---------------------+---------------------------+-------------------+------------+------+--------------+------------------------------------------------+---------------+--------------+
; Compilation Hierarchy Node  ; Combinational ALUTs ; Dedicated Logic Registers ; Block Memory Bits ; DSP Blocks ; Pins ; Virtual Pins ; Full Hierarchy Name                            ; Entity Name   ; Library Name ;
+-----------------------------+---------------------+---------------------------+-------------------+------------+------+--------------+------------------------------------------------+---------------+--------------+
; |DE1_SoC                    ; 37 (0)              ; 13 (0)                    ; 0                 ; 0          ; 103  ; 0            ; |DE1_SoC                                       ; DE1_SoC       ; work         ;
;    |counter:count|          ; 29 (11)             ; 5 (5)                     ; 0                 ; 0          ; 0    ; 0            ; |DE1_SoC|counter:count                         ; counter       ; work         ;
;       |displayStatus:stats| ; 18 (18)             ; 0 (0)                     ; 0                 ; 0          ; 0    ; 0            ; |DE1_SoC|counter:count|displayStatus:stats     ; displayStatus ; work         ;
;    |parkingLot:enterExit|   ; 4 (4)               ; 2 (2)                     ; 0                 ; 0          ; 0    ; 0            ; |DE1_SoC|parkingLot:enterExit                  ; parkingLot    ; work         ;
;    |userInput:pushButton|   ; 4 (0)               ; 6 (0)                     ; 0                 ; 0          ; 0    ; 0            ; |DE1_SoC|userInput:pushButton                  ; userInput     ; work         ;
;       |keyPress:k1|         ; 1 (1)               ; 1 (1)                     ; 0                 ; 0          ; 0    ; 0            ; |DE1_SoC|userInput:pushButton|keyPress:k1      ; keyPress      ; work         ;
;       |keyPress:k2|         ; 1 (1)               ; 1 (1)                     ; 0                 ; 0          ; 0    ; 0            ; |DE1_SoC|userInput:pushButton|keyPress:k2      ; keyPress      ; work         ;
;       |metastability:m1|    ; 1 (1)               ; 2 (2)                     ; 0                 ; 0          ; 0    ; 0            ; |DE1_SoC|userInput:pushButton|metastability:m1 ; metastability ; work         ;
;       |metastability:m2|    ; 1 (1)               ; 2 (2)                     ; 0                 ; 0          ; 0    ; 0            ; |DE1_SoC|userInput:pushButton|metastability:m2 ; metastability ; work         ;
+-----------------------------+---------------------+---------------------------+-------------------+------------+------+--------------+------------------------------------------------+---------------+--------------+
Note: For table entries with two numbers listed, the numbers in parentheses indicate the number of resources of the given type used by the specific entity alone. The numbers listed outside of parentheses indicate the total resources of the given type used by the specific entity and all of its sub-entities in the hierarchy.


+--------------------------------------------------------------------------------------+
; Registers Removed During Synthesis                                                   ;
+--------------------------------------------+-----------------------------------------+
; Register name                              ; Reason for Removal                      ;
+--------------------------------------------+-----------------------------------------+
; userInput:pushButton|keyPress:k2|ps[1..31] ; Stuck at GND due to stuck port data_in  ;
; userInput:pushButton|keyPress:k1|ps[1..31] ; Stuck at GND due to stuck port data_in  ;
; parkingLot:enterExit|ps[2..9,11..31]       ; Merged with parkingLot:enterExit|ps[10] ;
; parkingLot:enterExit|ps[10]                ; Stuck at GND due to stuck port data_in  ;
; Total Number of Removed Registers = 92     ;                                         ;
+--------------------------------------------+-----------------------------------------+


+------------------------------------------------------+
; General Register Statistics                          ;
+----------------------------------------------+-------+
; Statistic                                    ; Value ;
+----------------------------------------------+-------+
; Total registers                              ; 13    ;
; Number of registers using Synchronous Clear  ; 2     ;
; Number of registers using Synchronous Load   ; 0     ;
; Number of registers using Asynchronous Clear ; 0     ;
; Number of registers using Asynchronous Load  ; 0     ;
; Number of registers using Clock Enable       ; 0     ;
; Number of registers using Preset             ; 0     ;
+----------------------------------------------+-------+


+---------------------------------------------------------------------------------------------------------------------------------------------------+
; Multiplexer Restructuring Statistics (Restructuring Performed)                                                                                    ;
+--------------------+-----------+---------------+----------------------+------------------------+------------+-------------------------------------+
; Multiplexer Inputs ; Bus Width ; Baseline Area ; Area if Restructured ; Saving if Restructured ; Registered ; Example Multiplexer Output          ;
+--------------------+-----------+---------------+----------------------+------------------------+------------+-------------------------------------+
; 3:1                ; 5 bits    ; 10 LEs        ; 5 LEs                ; 5 LEs                  ; Yes        ; |DE1_SoC|counter:count|count[0]     ;
; 17:1               ; 2 bits    ; 22 LEs        ; 16 LEs               ; 6 LEs                  ; Yes        ; |DE1_SoC|parkingLot:enterExit|ps[1] ;
+--------------------+-----------+---------------+----------------------+------------------------+------------+-------------------------------------+


+-----------------------------------------------------+
; Post-Synthesis Netlist Statistics for Top Partition ;
+-----------------------+-----------------------------+
; Type                  ; Count                       ;
+-----------------------+-----------------------------+
; arriav_ff             ; 13                          ;
;     SCLR              ; 2                           ;
;     plain             ; 11                          ;
; arriav_lcell_comb     ; 48                          ;
;     normal            ; 48                          ;
;         0 data inputs ; 2                           ;
;         1 data inputs ; 9                           ;
;         2 data inputs ; 8                           ;
;         3 data inputs ; 1                           ;
;         4 data inputs ; 4                           ;
;         5 data inputs ; 21                          ;
;         6 data inputs ; 3                           ;
; boundary_port         ; 103                         ;
;                       ;                             ;
; Max LUT depth         ; 3.00                        ;
; Average LUT depth     ; 1.80                        ;
+-----------------------+-----------------------------+


+-------------------------------+
; Elapsed Time Per Partition    ;
+----------------+--------------+
; Partition Name ; Elapsed Time ;
+----------------+--------------+
; Top            ; 00:00:00     ;
+----------------+--------------+


+-------------------------------+
; Analysis & Synthesis Messages ;
+-------------------------------+
Info: *******************************************************************
Info: Running Quartus Prime Analysis & Synthesis
    Info: Version 17.0.0 Build 595 04/25/2017 SJ Lite Edition
    Info: Processing started: Sun Oct 13 20:46:30 2019
Info: Command: quartus_map --read_settings_files=on --write_settings_files=off DE1_SoC -c DE1_SoC
Warning (18236): Number of processors has not been specified which may cause overloading on shared machines.  Set the global assignment NUM_PARALLEL_PROCESSORS in your QSF to an appropriate value for best performance.
Info (20030): Parallel compilation is enabled and will use 2 of the 2 processors detected
Info (12021): Found 2 design units, including 2 entities, in source file de1_soc.sv
    Info (12023): Found entity 1: DE1_SoC File: C:/Users/concon/workspace/EE 371/lab1/DE1_SoC.sv Line: 9
    Info (12023): Found entity 2: DE1_SoC_testbench File: C:/Users/concon/workspace/EE 371/lab1/DE1_SoC.sv Line: 32
Info (12021): Found 2 design units, including 2 entities, in source file userinput.sv
    Info (12023): Found entity 1: userInput File: C:/Users/concon/workspace/EE 371/lab1/userInput.sv Line: 7
    Info (12023): Found entity 2: userInput_testbench File: C:/Users/concon/workspace/EE 371/lab1/userInput.sv Line: 21
Info (12021): Found 2 design units, including 2 entities, in source file metastability.sv
    Info (12023): Found entity 1: metastability File: C:/Users/concon/workspace/EE 371/lab1/metastability.sv Line: 6
    Info (12023): Found entity 2: metastability_testbench File: C:/Users/concon/workspace/EE 371/lab1/metastability.sv Line: 25
Info (12021): Found 2 design units, including 2 entities, in source file keypress.sv
    Info (12023): Found entity 1: keyPress File: C:/Users/concon/workspace/EE 371/lab1/keyPress.sv Line: 7
    Info (12023): Found entity 2: keyPress_testbench File: C:/Users/concon/workspace/EE 371/lab1/keyPress.sv Line: 33
Info (12021): Found 2 design units, including 2 entities, in source file parkinglot.sv
    Info (12023): Found entity 1: parkingLot File: C:/Users/concon/workspace/EE 371/lab1/parkingLot.sv Line: 8
    Info (12023): Found entity 2: parkingLot_testbench File: C:/Users/concon/workspace/EE 371/lab1/parkingLot.sv Line: 45
Info (12021): Found 2 design units, including 2 entities, in source file counter.sv
    Info (12023): Found entity 1: counter File: C:/Users/concon/workspace/EE 371/lab1/counter.sv Line: 7
    Info (12023): Found entity 2: counter_testbench File: C:/Users/concon/workspace/EE 371/lab1/counter.sv Line: 25
Info (12021): Found 2 design units, including 2 entities, in source file displaystatus.sv
    Info (12023): Found entity 1: displayStatus File: C:/Users/concon/workspace/EE 371/lab1/displayStatus.sv Line: 8
    Info (12023): Found entity 2: displayStatus_testbench File: C:/Users/concon/workspace/EE 371/lab1/displayStatus.sv Line: 240
Info (12021): Found 2 design units, including 2 entities, in source file sign_mag_add.sv
    Info (12023): Found entity 1: sign_mag_add File: C:/Users/concon/workspace/EE 371/lab1/sign_mag_add.sv Line: 3
    Info (12023): Found entity 2: sign_mag_add_testbench File: C:/Users/concon/workspace/EE 371/lab1/sign_mag_add.sv Line: 45
Info (12021): Found 2 design units, including 2 entities, in source file sync_rom.sv
    Info (12023): Found entity 1: sync_rom File: C:/Users/concon/workspace/EE 371/lab1/sync_rom.sv Line: 2
    Info (12023): Found entity 2: sync_rom_testbench File: C:/Users/concon/workspace/EE 371/lab1/sync_rom.sv Line: 25
Info (12127): Elaborating entity "DE1_SoC" for the top level hierarchy
Warning (10034): Output port "LEDR" at DE1_SoC.sv(12) has no driver File: C:/Users/concon/workspace/EE 371/lab1/DE1_SoC.sv Line: 12
Warning (10034): Output port "GPIO_0[35..18]" at DE1_SoC.sv(15) has no driver File: C:/Users/concon/workspace/EE 371/lab1/DE1_SoC.sv Line: 15
Warning (10034): Output port "GPIO_0[15..0]" at DE1_SoC.sv(15) has no driver File: C:/Users/concon/workspace/EE 371/lab1/DE1_SoC.sv Line: 15
Info (12128): Elaborating entity "parkingLot" for hierarchy "parkingLot:enterExit" File: C:/Users/concon/workspace/EE 371/lab1/DE1_SoC.sv Line: 20
Info (12128): Elaborating entity "userInput" for hierarchy "userInput:pushButton" File: C:/Users/concon/workspace/EE 371/lab1/DE1_SoC.sv Line: 21
Info (12128): Elaborating entity "metastability" for hierarchy "userInput:pushButton|metastability:m1" File: C:/Users/concon/workspace/EE 371/lab1/userInput.sv Line: 13
Info (12128): Elaborating entity "keyPress" for hierarchy "userInput:pushButton|keyPress:k1" File: C:/Users/concon/workspace/EE 371/lab1/userInput.sv Line: 15
Info (12128): Elaborating entity "counter" for hierarchy "counter:count" File: C:/Users/concon/workspace/EE 371/lab1/DE1_SoC.sv Line: 23
Info (12128): Elaborating entity "displayStatus" for hierarchy "counter:count|displayStatus:stats" File: C:/Users/concon/workspace/EE 371/lab1/counter.sv Line: 21
Warning (13024): Output pins are stuck at VCC or GND
    Warning (13410): Pin "HEX4[0]" is stuck at VCC File: C:/Users/concon/workspace/EE 371/lab1/DE1_SoC.sv Line: 11
    Warning (13410): Pin "HEX4[6]" is stuck at VCC File: C:/Users/concon/workspace/EE 371/lab1/DE1_SoC.sv Line: 11
    Warning (13410): Pin "LEDR[0]" is stuck at GND File: C:/Users/concon/workspace/EE 371/lab1/DE1_SoC.sv Line: 12
    Warning (13410): Pin "LEDR[1]" is stuck at GND File: C:/Users/concon/workspace/EE 371/lab1/DE1_SoC.sv Line: 12
    Warning (13410): Pin "LEDR[2]" is stuck at GND File: C:/Users/concon/workspace/EE 371/lab1/DE1_SoC.sv Line: 12
    Warning (13410): Pin "LEDR[3]" is stuck at GND File: C:/Users/concon/workspace/EE 371/lab1/DE1_SoC.sv Line: 12
    Warning (13410): Pin "LEDR[4]" is stuck at GND File: C:/Users/concon/workspace/EE 371/lab1/DE1_SoC.sv Line: 12
    Warning (13410): Pin "LEDR[5]" is stuck at GND File: C:/Users/concon/workspace/EE 371/lab1/DE1_SoC.sv Line: 12
    Warning (13410): Pin "LEDR[6]" is stuck at GND File: C:/Users/concon/workspace/EE 371/lab1/DE1_SoC.sv Line: 12
    Warning (13410): Pin "LEDR[7]" is stuck at GND File: C:/Users/concon/workspace/EE 371/lab1/DE1_SoC.sv Line: 12
    Warning (13410): Pin "LEDR[8]" is stuck at GND File: C:/Users/concon/workspace/EE 371/lab1/DE1_SoC.sv Line: 12
    Warning (13410): Pin "LEDR[9]" is stuck at GND File: C:/Users/concon/workspace/EE 371/lab1/DE1_SoC.sv Line: 12
    Warning (13410): Pin "GPIO_0[0]" is stuck at GND File: C:/Users/concon/workspace/EE 371/lab1/DE1_SoC.sv Line: 15
    Warning (13410): Pin "GPIO_0[1]" is stuck at GND File: C:/Users/concon/workspace/EE 371/lab1/DE1_SoC.sv Line: 15
    Warning (13410): Pin "GPIO_0[2]" is stuck at GND File: C:/Users/concon/workspace/EE 371/lab1/DE1_SoC.sv Line: 15
    Warning (13410): Pin "GPIO_0[3]" is stuck at GND File: C:/Users/concon/workspace/EE 371/lab1/DE1_SoC.sv Line: 15
    Warning (13410): Pin "GPIO_0[4]" is stuck at GND File: C:/Users/concon/workspace/EE 371/lab1/DE1_SoC.sv Line: 15
    Warning (13410): Pin "GPIO_0[5]" is stuck at GND File: C:/Users/concon/workspace/EE 371/lab1/DE1_SoC.sv Line: 15
    Warning (13410): Pin "GPIO_0[6]" is stuck at GND File: C:/Users/concon/workspace/EE 371/lab1/DE1_SoC.sv Line: 15
    Warning (13410): Pin "GPIO_0[7]" is stuck at GND File: C:/Users/concon/workspace/EE 371/lab1/DE1_SoC.sv Line: 15
    Warning (13410): Pin "GPIO_0[8]" is stuck at GND File: C:/Users/concon/workspace/EE 371/lab1/DE1_SoC.sv Line: 15
    Warning (13410): Pin "GPIO_0[9]" is stuck at GND File: C:/Users/concon/workspace/EE 371/lab1/DE1_SoC.sv Line: 15
    Warning (13410): Pin "GPIO_0[10]" is stuck at GND File: C:/Users/concon/workspace/EE 371/lab1/DE1_SoC.sv Line: 15
    Warning (13410): Pin "GPIO_0[11]" is stuck at GND File: C:/Users/concon/workspace/EE 371/lab1/DE1_SoC.sv Line: 15
    Warning (13410): Pin "GPIO_0[12]" is stuck at GND File: C:/Users/concon/workspace/EE 371/lab1/DE1_SoC.sv Line: 15
    Warning (13410): Pin "GPIO_0[13]" is stuck at GND File: C:/Users/concon/workspace/EE 371/lab1/DE1_SoC.sv Line: 15
    Warning (13410): Pin "GPIO_0[14]" is stuck at GND File: C:/Users/concon/workspace/EE 371/lab1/DE1_SoC.sv Line: 15
    Warning (13410): Pin "GPIO_0[15]" is stuck at GND File: C:/Users/concon/workspace/EE 371/lab1/DE1_SoC.sv Line: 15
    Warning (13410): Pin "GPIO_0[18]" is stuck at GND File: C:/Users/concon/workspace/EE 371/lab1/DE1_SoC.sv Line: 15
    Warning (13410): Pin "GPIO_0[19]" is stuck at GND File: C:/Users/concon/workspace/EE 371/lab1/DE1_SoC.sv Line: 15
    Warning (13410): Pin "GPIO_0[20]" is stuck at GND File: C:/Users/concon/workspace/EE 371/lab1/DE1_SoC.sv Line: 15
    Warning (13410): Pin "GPIO_0[21]" is stuck at GND File: C:/Users/concon/workspace/EE 371/lab1/DE1_SoC.sv Line: 15
    Warning (13410): Pin "GPIO_0[22]" is stuck at GND File: C:/Users/concon/workspace/EE 371/lab1/DE1_SoC.sv Line: 15
    Warning (13410): Pin "GPIO_0[23]" is stuck at GND File: C:/Users/concon/workspace/EE 371/lab1/DE1_SoC.sv Line: 15
    Warning (13410): Pin "GPIO_0[24]" is stuck at GND File: C:/Users/concon/workspace/EE 371/lab1/DE1_SoC.sv Line: 15
    Warning (13410): Pin "GPIO_0[25]" is stuck at GND File: C:/Users/concon/workspace/EE 371/lab1/DE1_SoC.sv Line: 15
    Warning (13410): Pin "GPIO_0[26]" is stuck at GND File: C:/Users/concon/workspace/EE 371/lab1/DE1_SoC.sv Line: 15
    Warning (13410): Pin "GPIO_0[27]" is stuck at GND File: C:/Users/concon/workspace/EE 371/lab1/DE1_SoC.sv Line: 15
    Warning (13410): Pin "GPIO_0[28]" is stuck at GND File: C:/Users/concon/workspace/EE 371/lab1/DE1_SoC.sv Line: 15
    Warning (13410): Pin "GPIO_0[29]" is stuck at GND File: C:/Users/concon/workspace/EE 371/lab1/DE1_SoC.sv Line: 15
    Warning (13410): Pin "GPIO_0[30]" is stuck at GND File: C:/Users/concon/workspace/EE 371/lab1/DE1_SoC.sv Line: 15
    Warning (13410): Pin "GPIO_0[31]" is stuck at GND File: C:/Users/concon/workspace/EE 371/lab1/DE1_SoC.sv Line: 15
    Warning (13410): Pin "GPIO_0[32]" is stuck at GND File: C:/Users/concon/workspace/EE 371/lab1/DE1_SoC.sv Line: 15
    Warning (13410): Pin "GPIO_0[33]" is stuck at GND File: C:/Users/concon/workspace/EE 371/lab1/DE1_SoC.sv Line: 15
    Warning (13410): Pin "GPIO_0[34]" is stuck at GND File: C:/Users/concon/workspace/EE 371/lab1/DE1_SoC.sv Line: 15
    Warning (13410): Pin "GPIO_0[35]" is stuck at GND File: C:/Users/concon/workspace/EE 371/lab1/DE1_SoC.sv Line: 15
Info (286030): Timing-Driven Synthesis is running
Info (16010): Generating hard_block partition "hard_block:auto_generated_inst"
    Info (16011): Adding 0 node(s), including 0 DDIO, 0 PLL, 0 transceiver and 0 LCELL
Warning (21074): Design contains 11 input pin(s) that do not drive logic
    Warning (15610): No output dependent on input pin "KEY[2]" File: C:/Users/concon/workspace/EE 371/lab1/DE1_SoC.sv Line: 13
    Warning (15610): No output dependent on input pin "KEY[3]" File: C:/Users/concon/workspace/EE 371/lab1/DE1_SoC.sv Line: 13
    Warning (15610): No output dependent on input pin "SW[0]" File: C:/Users/concon/workspace/EE 371/lab1/DE1_SoC.sv Line: 14
    Warning (15610): No output dependent on input pin "SW[1]" File: C:/Users/concon/workspace/EE 371/lab1/DE1_SoC.sv Line: 14
    Warning (15610): No output dependent on input pin "SW[2]" File: C:/Users/concon/workspace/EE 371/lab1/DE1_SoC.sv Line: 14
    Warning (15610): No output dependent on input pin "SW[3]" File: C:/Users/concon/workspace/EE 371/lab1/DE1_SoC.sv Line: 14
    Warning (15610): No output dependent on input pin "SW[4]" File: C:/Users/concon/workspace/EE 371/lab1/DE1_SoC.sv Line: 14
    Warning (15610): No output dependent on input pin "SW[5]" File: C:/Users/concon/workspace/EE 371/lab1/DE1_SoC.sv Line: 14
    Warning (15610): No output dependent on input pin "SW[6]" File: C:/Users/concon/workspace/EE 371/lab1/DE1_SoC.sv Line: 14
    Warning (15610): No output dependent on input pin "SW[7]" File: C:/Users/concon/workspace/EE 371/lab1/DE1_SoC.sv Line: 14
    Warning (15610): No output dependent on input pin "SW[8]" File: C:/Users/concon/workspace/EE 371/lab1/DE1_SoC.sv Line: 14
Info (21057): Implemented 140 device resources after synthesis - the final resource count might be different
    Info (21058): Implemented 15 input pins
    Info (21059): Implemented 88 output pins
    Info (21061): Implemented 37 logic cells
Info: Quartus Prime Analysis & Synthesis was successful. 0 errors, 63 warnings
    Info: Peak virtual memory: 4828 megabytes
    Info: Processing ended: Sun Oct 13 20:46:49 2019
    Info: Elapsed time: 00:00:19
    Info: Total CPU time (on all processors): 00:00:37


