Analysis & Synthesis report for task1
Thu Nov 07 17:20:42 2019
Quartus Prime Version 17.0.0 Build 595 04/25/2017 SJ Lite Edition


---------------------
; Table of Contents ;
---------------------
  1. Legal Notice
  2. Analysis & Synthesis Summary
  3. Analysis & Synthesis Settings
  4. Parallel Compilation
  5. Analysis & Synthesis Source Files Read
  6. Analysis & Synthesis Resource Usage Summary
  7. Analysis & Synthesis Resource Utilization by Entity
  8. State Machine - |task1|bit_counting:count|ps
  9. Registers Removed During Synthesis
 10. General Register Statistics
 11. Multiplexer Restructuring Statistics (Restructuring Performed)
 12. Parameter Settings for User Entity Instance: Top-level Entity: |task1
 13. Port Connectivity Checks: "clock_divider:cdiv"
 14. Post-Synthesis Netlist Statistics for Top Partition
 15. Elapsed Time Per Partition
 16. Analysis & Synthesis Messages



----------------
; Legal Notice ;
----------------
Copyright (C) 2017  Intel Corporation. All rights reserved.
Your use of Intel Corporation's design tools, logic functions 
and other software and tools, and its AMPP partner logic 
functions, and any output files from any of the foregoing 
(including device programming or simulation files), and any 
associated documentation or information are expressly subject 
to the terms and conditions of the Intel Program License 
Subscription Agreement, the Intel Quartus Prime License Agreement,
the Intel MegaCore Function License Agreement, or other 
applicable license agreement, including, without limitation, 
that your use is for the sole purpose of programming logic 
devices manufactured by Intel and sold by Intel or its 
authorized distributors.  Please refer to the applicable 
agreement for further details.



+-------------------------------------------------------------------------------+
; Analysis & Synthesis Summary                                                  ;
+---------------------------------+---------------------------------------------+
; Analysis & Synthesis Status     ; Successful - Thu Nov 07 17:20:42 2019       ;
; Quartus Prime Version           ; 17.0.0 Build 595 04/25/2017 SJ Lite Edition ;
; Revision Name                   ; task1                                       ;
; Top-level Entity Name           ; task1                                       ;
; Family                          ; Cyclone V                                   ;
; Logic utilization (in ALMs)     ; N/A                                         ;
; Total registers                 ; 34                                          ;
; Total pins                      ; 67                                          ;
; Total virtual pins              ; 0                                           ;
; Total block memory bits         ; 0                                           ;
; Total DSP Blocks                ; 0                                           ;
; Total HSSI RX PCSs              ; 0                                           ;
; Total HSSI PMA RX Deserializers ; 0                                           ;
; Total HSSI TX PCSs              ; 0                                           ;
; Total HSSI PMA TX Serializers   ; 0                                           ;
; Total PLLs                      ; 0                                           ;
; Total DLLs                      ; 0                                           ;
+---------------------------------+---------------------------------------------+


+---------------------------------------------------------------------------------------------------------------------------+
; Analysis & Synthesis Settings                                                                                             ;
+---------------------------------------------------------------------------------+--------------------+--------------------+
; Option                                                                          ; Setting            ; Default Value      ;
+---------------------------------------------------------------------------------+--------------------+--------------------+
; Device                                                                          ; 5CSEMA5F31C6       ;                    ;
; Top-level entity name                                                           ; task1              ; task1              ;
; Family name                                                                     ; Cyclone V          ; Cyclone V          ;
; Use smart compilation                                                           ; Off                ; Off                ;
; Enable parallel Assembler and TimeQuest Timing Analyzer during compilation      ; On                 ; On                 ;
; Enable compact report table                                                     ; Off                ; Off                ;
; Restructure Multiplexers                                                        ; Auto               ; Auto               ;
; MLAB Add Timing Constraints For Mixed-Port Feed-Through Mode Setting Don't Care ; Off                ; Off                ;
; Create Debugging Nodes for IP Cores                                             ; Off                ; Off                ;
; Preserve fewer node names                                                       ; On                 ; On                 ;
; OpenCore Plus hardware evaluation                                               ; Enable             ; Enable             ;
; Verilog Version                                                                 ; Verilog_2001       ; Verilog_2001       ;
; VHDL Version                                                                    ; VHDL_1993          ; VHDL_1993          ;
; State Machine Processing                                                        ; Auto               ; Auto               ;
; Safe State Machine                                                              ; Off                ; Off                ;
; Extract Verilog State Machines                                                  ; On                 ; On                 ;
; Extract VHDL State Machines                                                     ; On                 ; On                 ;
; Ignore Verilog initial constructs                                               ; Off                ; Off                ;
; Iteration limit for constant Verilog loops                                      ; 5000               ; 5000               ;
; Iteration limit for non-constant Verilog loops                                  ; 250                ; 250                ;
; Add Pass-Through Logic to Inferred RAMs                                         ; On                 ; On                 ;
; Infer RAMs from Raw Logic                                                       ; On                 ; On                 ;
; Parallel Synthesis                                                              ; On                 ; On                 ;
; DSP Block Balancing                                                             ; Auto               ; Auto               ;
; NOT Gate Push-Back                                                              ; On                 ; On                 ;
; Power-Up Don't Care                                                             ; On                 ; On                 ;
; Remove Redundant Logic Cells                                                    ; Off                ; Off                ;
; Remove Duplicate Registers                                                      ; On                 ; On                 ;
; Ignore CARRY Buffers                                                            ; Off                ; Off                ;
; Ignore CASCADE Buffers                                                          ; Off                ; Off                ;
; Ignore GLOBAL Buffers                                                           ; Off                ; Off                ;
; Ignore ROW GLOBAL Buffers                                                       ; Off                ; Off                ;
; Ignore LCELL Buffers                                                            ; Off                ; Off                ;
; Ignore SOFT Buffers                                                             ; On                 ; On                 ;
; Limit AHDL Integers to 32 Bits                                                  ; Off                ; Off                ;
; Optimization Technique                                                          ; Balanced           ; Balanced           ;
; Carry Chain Length                                                              ; 70                 ; 70                 ;
; Auto Carry Chains                                                               ; On                 ; On                 ;
; Auto Open-Drain Pins                                                            ; On                 ; On                 ;
; Perform WYSIWYG Primitive Resynthesis                                           ; Off                ; Off                ;
; Auto ROM Replacement                                                            ; On                 ; On                 ;
; Auto RAM Replacement                                                            ; On                 ; On                 ;
; Auto DSP Block Replacement                                                      ; On                 ; On                 ;
; Auto Shift Register Replacement                                                 ; Auto               ; Auto               ;
; Allow Shift Register Merging across Hierarchies                                 ; Auto               ; Auto               ;
; Auto Clock Enable Replacement                                                   ; On                 ; On                 ;
; Strict RAM Replacement                                                          ; Off                ; Off                ;
; Allow Synchronous Control Signals                                               ; On                 ; On                 ;
; Force Use of Synchronous Clear Signals                                          ; Off                ; Off                ;
; Auto Resource Sharing                                                           ; Off                ; Off                ;
; Allow Any RAM Size For Recognition                                              ; Off                ; Off                ;
; Allow Any ROM Size For Recognition                                              ; Off                ; Off                ;
; Allow Any Shift Register Size For Recognition                                   ; Off                ; Off                ;
; Use LogicLock Constraints during Resource Balancing                             ; On                 ; On                 ;
; Ignore translate_off and synthesis_off directives                               ; Off                ; Off                ;
; Timing-Driven Synthesis                                                         ; On                 ; On                 ;
; Report Parameter Settings                                                       ; On                 ; On                 ;
; Report Source Assignments                                                       ; On                 ; On                 ;
; Report Connectivity Checks                                                      ; On                 ; On                 ;
; Ignore Maximum Fan-Out Assignments                                              ; Off                ; Off                ;
; Synchronization Register Chain Length                                           ; 3                  ; 3                  ;
; PowerPlay Power Optimization During Synthesis                                   ; Normal compilation ; Normal compilation ;
; HDL message level                                                               ; Level2             ; Level2             ;
; Suppress Register Optimization Related Messages                                 ; Off                ; Off                ;
; Number of Removed Registers Reported in Synthesis Report                        ; 5000               ; 5000               ;
; Number of Swept Nodes Reported in Synthesis Report                              ; 5000               ; 5000               ;
; Number of Inverted Registers Reported in Synthesis Report                       ; 100                ; 100                ;
; Clock MUX Protection                                                            ; On                 ; On                 ;
; Auto Gated Clock Conversion                                                     ; Off                ; Off                ;
; Block Design Naming                                                             ; Auto               ; Auto               ;
; SDC constraint protection                                                       ; Off                ; Off                ;
; Synthesis Effort                                                                ; Auto               ; Auto               ;
; Shift Register Replacement - Allow Asynchronous Clear Signal                    ; On                 ; On                 ;
; Pre-Mapping Resynthesis Optimization                                            ; Off                ; Off                ;
; Analysis & Synthesis Message Level                                              ; Medium             ; Medium             ;
; Disable Register Merging Across Hierarchies                                     ; Auto               ; Auto               ;
; Resource Aware Inference For Block RAM                                          ; On                 ; On                 ;
; Automatic Parallel Synthesis                                                    ; On                 ; On                 ;
; Partial Reconfiguration Bitstream ID                                            ; Off                ; Off                ;
+---------------------------------------------------------------------------------+--------------------+--------------------+


+------------------------------------------+
; Parallel Compilation                     ;
+----------------------------+-------------+
; Processors                 ; Number      ;
+----------------------------+-------------+
; Number detected on machine ; 4           ;
; Maximum allowed            ; 2           ;
;                            ;             ;
; Average used               ; 1.00        ;
; Maximum used               ; 2           ;
;                            ;             ;
; Usage by Processor         ; % Time Used ;
;     Processor 1            ; 100.0%      ;
;     Processor 2            ;   0.0%      ;
+----------------------------+-------------+


+----------------------------------------------------------------------------------------------------------------------------+
; Analysis & Synthesis Source Files Read                                                                                     ;
+----------------------------------+-----------------+------------------------------+------------------------------+---------+
; File Name with User-Entered Path ; Used in Netlist ; File Type                    ; File Name with Absolute Path ; Library ;
+----------------------------------+-----------------+------------------------------+------------------------------+---------+
; task1.sv                         ; yes             ; User SystemVerilog HDL File  ; D:/371/lab4/task1.sv         ;         ;
; bit_counting.sv                  ; yes             ; User SystemVerilog HDL File  ; D:/371/lab4/bit_counting.sv  ;         ;
; shift.sv                         ; yes             ; User SystemVerilog HDL File  ; D:/371/lab4/shift.sv         ;         ;
; display.sv                       ; yes             ; User SystemVerilog HDL File  ; D:/371/lab4/display.sv       ;         ;
+----------------------------------+-----------------+------------------------------+------------------------------+---------+


+--------------------------------------------------------------+
; Analysis & Synthesis Resource Usage Summary                  ;
+---------------------------------------------+----------------+
; Resource                                    ; Usage          ;
+---------------------------------------------+----------------+
; Estimate of Logic utilization (ALMs needed) ; 25             ;
;                                             ;                ;
; Combinational ALUT usage for logic          ; 45             ;
;     -- 7 input functions                    ; 0              ;
;     -- 6 input functions                    ; 4              ;
;     -- 5 input functions                    ; 1              ;
;     -- 4 input functions                    ; 10             ;
;     -- <=3 input functions                  ; 30             ;
;                                             ;                ;
; Dedicated logic registers                   ; 34             ;
;                                             ;                ;
; I/O pins                                    ; 67             ;
;                                             ;                ;
; Total DSP Blocks                            ; 0              ;
;                                             ;                ;
; Maximum fan-out node                        ; CLOCK_50~input ;
; Maximum fan-out                             ; 19             ;
; Total fan-out                               ; 291            ;
; Average fan-out                             ; 1.37           ;
+---------------------------------------------+----------------+


+----------------------------------------------------------------------------------------------------------------------------------------------------------------------------------------------------------+
; Analysis & Synthesis Resource Utilization by Entity                                                                                                                                                      ;
+----------------------------+---------------------+---------------------------+-------------------+------------+------+--------------+-------------------------------------+---------------+--------------+
; Compilation Hierarchy Node ; Combinational ALUTs ; Dedicated Logic Registers ; Block Memory Bits ; DSP Blocks ; Pins ; Virtual Pins ; Full Hierarchy Name                 ; Entity Name   ; Library Name ;
+----------------------------+---------------------+---------------------------+-------------------+------------+------+--------------+-------------------------------------+---------------+--------------+
; |task1                     ; 45 (0)              ; 34 (0)                    ; 0                 ; 0          ; 67   ; 0            ; |task1                              ; task1         ; work         ;
;    |bit_counting:count|    ; 19 (10)             ; 15 (7)                    ; 0                 ; 0          ; 0    ; 0            ; |task1|bit_counting:count           ; bit_counting  ; work         ;
;       |shift:sh1|          ; 9 (9)               ; 8 (8)                     ; 0                 ; 0          ; 0    ; 0            ; |task1|bit_counting:count|shift:sh1 ; shift         ; work         ;
;    |clock_divider:cdiv|    ; 19 (19)             ; 19 (19)                   ; 0                 ; 0          ; 0    ; 0            ; |task1|clock_divider:cdiv           ; clock_divider ; work         ;
;    |display:dp|            ; 7 (7)               ; 0 (0)                     ; 0                 ; 0          ; 0    ; 0            ; |task1|display:dp                   ; display       ; work         ;
+----------------------------+---------------------+---------------------------+-------------------+------------+------+--------------+-------------------------------------+---------------+--------------+
Note: For table entries with two numbers listed, the numbers in parentheses indicate the number of resources of the given type used by the specific entity alone. The numbers listed outside of parentheses indicate the total resources of the given type used by the specific entity and all of its sub-entities in the hierarchy.


Encoding Type:  One-Hot
+----------------------------------------------+
; State Machine - |task1|bit_counting:count|ps ;
+-------+-------+-------+----------------------+
; Name  ; ps.s1 ; ps.s3 ; ps.s2                ;
+-------+-------+-------+----------------------+
; ps.s1 ; 0     ; 0     ; 0                    ;
; ps.s2 ; 1     ; 0     ; 1                    ;
; ps.s3 ; 1     ; 1     ; 0                    ;
+-------+-------+-------+----------------------+


+----------------------------------------------------------------+
; Registers Removed During Synthesis                             ;
+-------------------------------------------+--------------------+
; Register name                             ; Reason for Removal ;
+-------------------------------------------+--------------------+
; clock_divider:cdiv|divided_clocks[19..31] ; Lost fanout        ;
; Total Number of Removed Registers = 13    ;                    ;
+-------------------------------------------+--------------------+


+------------------------------------------------------+
; General Register Statistics                          ;
+----------------------------------------------+-------+
; Statistic                                    ; Value ;
+----------------------------------------------+-------+
; Total registers                              ; 34    ;
; Number of registers using Synchronous Clear  ; 0     ;
; Number of registers using Synchronous Load   ; 0     ;
; Number of registers using Asynchronous Clear ; 0     ;
; Number of registers using Asynchronous Load  ; 0     ;
; Number of registers using Clock Enable       ; 11    ;
; Number of registers using Preset             ; 0     ;
+----------------------------------------------+-------+


+--------------------------------------------------------------------------------------------------------------------------------------------------------+
; Multiplexer Restructuring Statistics (Restructuring Performed)                                                                                         ;
+--------------------+-----------+---------------+----------------------+------------------------+------------+------------------------------------------+
; Multiplexer Inputs ; Bus Width ; Baseline Area ; Area if Restructured ; Saving if Restructured ; Registered ; Example Multiplexer Output               ;
+--------------------+-----------+---------------+----------------------+------------------------+------------+------------------------------------------+
; 3:1                ; 7 bits    ; 14 LEs        ; 7 LEs                ; 7 LEs                  ; Yes        ; |task1|bit_counting:count|shift:sh1|A[0] ;
; 4:1                ; 4 bits    ; 8 LEs         ; 8 LEs                ; 0 LEs                  ; Yes        ; |task1|bit_counting:count|B[0]           ;
+--------------------+-----------+---------------+----------------------+------------------------+------------+------------------------------------------+


+-----------------------------------------------------------------------+
; Parameter Settings for User Entity Instance: Top-level Entity: |task1 ;
+----------------+-------+----------------------------------------------+
; Parameter Name ; Value ; Type                                         ;
+----------------+-------+----------------------------------------------+
; whichClock     ; 18    ; Signed Integer                               ;
+----------------+-------+----------------------------------------------+
Note: In order to hide this table in the UI and the text report file, please set the "Show Parameter Settings in Synthesis Report" option in "Analysis and Synthesis Settings -> More Settings" to "Off".


+----------------------------------------------------------------------------------------------------------------------------------+
; Port Connectivity Checks: "clock_divider:cdiv"                                                                                   ;
+------------------------+--------+----------+-------------------------------------------------------------------------------------+
; Port                   ; Type   ; Severity ; Details                                                                             ;
+------------------------+--------+----------+-------------------------------------------------------------------------------------+
; divided_clocks[31..19] ; Output ; Info     ; Connected to dangling logic. Logic that only feeds a dangling port will be removed. ;
; divided_clocks[17..0]  ; Output ; Info     ; Connected to dangling logic. Logic that only feeds a dangling port will be removed. ;
+------------------------+--------+----------+-------------------------------------------------------------------------------------+


+-----------------------------------------------------+
; Post-Synthesis Netlist Statistics for Top Partition ;
+-----------------------+-----------------------------+
; Type                  ; Count                       ;
+-----------------------+-----------------------------+
; arriav_ff             ; 34                          ;
;     ENA               ; 11                          ;
;     plain             ; 23                          ;
; arriav_lcell_comb     ; 48                          ;
;     arith             ; 18                          ;
;         1 data inputs ; 17                          ;
;         2 data inputs ; 1                           ;
;     normal            ; 30                          ;
;         0 data inputs ; 2                           ;
;         1 data inputs ; 2                           ;
;         2 data inputs ; 2                           ;
;         3 data inputs ; 9                           ;
;         4 data inputs ; 10                          ;
;         5 data inputs ; 1                           ;
;         6 data inputs ; 4                           ;
; boundary_port         ; 67                          ;
;                       ;                             ;
; Max LUT depth         ; 2.70                        ;
; Average LUT depth     ; 1.69                        ;
+-----------------------+-----------------------------+


+-------------------------------+
; Elapsed Time Per Partition    ;
+----------------+--------------+
; Partition Name ; Elapsed Time ;
+----------------+--------------+
; Top            ; 00:00:01     ;
+----------------+--------------+


+-------------------------------+
; Analysis & Synthesis Messages ;
+-------------------------------+
Info: *******************************************************************
Info: Running Quartus Prime Analysis & Synthesis
    Info: Version 17.0.0 Build 595 04/25/2017 SJ Lite Edition
    Info: Processing started: Thu Nov 07 17:20:24 2019
Info: Command: quartus_map --read_settings_files=on --write_settings_files=off task1 -c task1
Warning (18236): Number of processors has not been specified which may cause overloading on shared machines.  Set the global assignment NUM_PARALLEL_PROCESSORS in your QSF to an appropriate value for best performance.
Info (20030): Parallel compilation is enabled and will use 2 of the 2 processors detected
Info (12021): Found 3 design units, including 3 entities, in source file task1.sv
    Info (12023): Found entity 1: task1 File: D:/371/lab4/task1.sv Line: 6
    Info (12023): Found entity 2: task1_testbench File: D:/371/lab4/task1.sv Line: 35
    Info (12023): Found entity 3: clock_divider File: D:/371/lab4/task1.sv Line: 89
Info (12021): Found 2 design units, including 2 entities, in source file bit_counting.sv
    Info (12023): Found entity 1: bit_counting File: D:/371/lab4/bit_counting.sv Line: 5
    Info (12023): Found entity 2: bit_counting_testbench File: D:/371/lab4/bit_counting.sv Line: 57
Info (12021): Found 2 design units, including 2 entities, in source file shift.sv
    Info (12023): Found entity 1: shift File: D:/371/lab4/shift.sv Line: 5
    Info (12023): Found entity 2: shift_testbench File: D:/371/lab4/shift.sv Line: 25
Info (12021): Found 1 design units, including 1 entities, in source file display.sv
    Info (12023): Found entity 1: display File: D:/371/lab4/display.sv Line: 4
Warning (10236): Verilog HDL Implicit Net warning at task1.sv(26): created implicit net for "reset" File: D:/371/lab4/task1.sv Line: 26
Info (12127): Elaborating entity "task1" for the top level hierarchy
Info (12128): Elaborating entity "clock_divider" for hierarchy "clock_divider:cdiv" File: D:/371/lab4/task1.sv Line: 26
Info (12128): Elaborating entity "bit_counting" for hierarchy "bit_counting:count" File: D:/371/lab4/task1.sv Line: 29
Warning (10230): Verilog HDL assignment warning at bit_counting.sv(49): truncated value with size 32 to match size of target (4) File: D:/371/lab4/bit_counting.sv Line: 49
Info (12128): Elaborating entity "shift" for hierarchy "bit_counting:count|shift:sh1" File: D:/371/lab4/bit_counting.sv Line: 52
Info (12128): Elaborating entity "display" for hierarchy "display:dp" File: D:/371/lab4/task1.sv Line: 30
Warning (13024): Output pins are stuck at VCC or GND
    Warning (13410): Pin "HEX1[0]" is stuck at VCC File: D:/371/lab4/task1.sv Line: 8
    Warning (13410): Pin "HEX1[1]" is stuck at VCC File: D:/371/lab4/task1.sv Line: 8
    Warning (13410): Pin "HEX1[2]" is stuck at VCC File: D:/371/lab4/task1.sv Line: 8
    Warning (13410): Pin "HEX1[3]" is stuck at VCC File: D:/371/lab4/task1.sv Line: 8
    Warning (13410): Pin "HEX1[4]" is stuck at VCC File: D:/371/lab4/task1.sv Line: 8
    Warning (13410): Pin "HEX1[5]" is stuck at VCC File: D:/371/lab4/task1.sv Line: 8
    Warning (13410): Pin "HEX1[6]" is stuck at VCC File: D:/371/lab4/task1.sv Line: 8
    Warning (13410): Pin "HEX2[0]" is stuck at VCC File: D:/371/lab4/task1.sv Line: 8
    Warning (13410): Pin "HEX2[1]" is stuck at VCC File: D:/371/lab4/task1.sv Line: 8
    Warning (13410): Pin "HEX2[2]" is stuck at VCC File: D:/371/lab4/task1.sv Line: 8
    Warning (13410): Pin "HEX2[3]" is stuck at VCC File: D:/371/lab4/task1.sv Line: 8
    Warning (13410): Pin "HEX2[4]" is stuck at VCC File: D:/371/lab4/task1.sv Line: 8
    Warning (13410): Pin "HEX2[5]" is stuck at VCC File: D:/371/lab4/task1.sv Line: 8
    Warning (13410): Pin "HEX2[6]" is stuck at VCC File: D:/371/lab4/task1.sv Line: 8
    Warning (13410): Pin "HEX3[0]" is stuck at VCC File: D:/371/lab4/task1.sv Line: 8
    Warning (13410): Pin "HEX3[1]" is stuck at VCC File: D:/371/lab4/task1.sv Line: 8
    Warning (13410): Pin "HEX3[2]" is stuck at VCC File: D:/371/lab4/task1.sv Line: 8
    Warning (13410): Pin "HEX3[3]" is stuck at VCC File: D:/371/lab4/task1.sv Line: 8
    Warning (13410): Pin "HEX3[4]" is stuck at VCC File: D:/371/lab4/task1.sv Line: 8
    Warning (13410): Pin "HEX3[5]" is stuck at VCC File: D:/371/lab4/task1.sv Line: 8
    Warning (13410): Pin "HEX3[6]" is stuck at VCC File: D:/371/lab4/task1.sv Line: 8
    Warning (13410): Pin "HEX4[0]" is stuck at VCC File: D:/371/lab4/task1.sv Line: 8
    Warning (13410): Pin "HEX4[1]" is stuck at VCC File: D:/371/lab4/task1.sv Line: 8
    Warning (13410): Pin "HEX4[2]" is stuck at VCC File: D:/371/lab4/task1.sv Line: 8
    Warning (13410): Pin "HEX4[3]" is stuck at VCC File: D:/371/lab4/task1.sv Line: 8
    Warning (13410): Pin "HEX4[4]" is stuck at VCC File: D:/371/lab4/task1.sv Line: 8
    Warning (13410): Pin "HEX4[5]" is stuck at VCC File: D:/371/lab4/task1.sv Line: 8
    Warning (13410): Pin "HEX4[6]" is stuck at VCC File: D:/371/lab4/task1.sv Line: 8
    Warning (13410): Pin "HEX5[0]" is stuck at VCC File: D:/371/lab4/task1.sv Line: 8
    Warning (13410): Pin "HEX5[1]" is stuck at VCC File: D:/371/lab4/task1.sv Line: 8
    Warning (13410): Pin "HEX5[2]" is stuck at VCC File: D:/371/lab4/task1.sv Line: 8
    Warning (13410): Pin "HEX5[3]" is stuck at VCC File: D:/371/lab4/task1.sv Line: 8
    Warning (13410): Pin "HEX5[4]" is stuck at VCC File: D:/371/lab4/task1.sv Line: 8
    Warning (13410): Pin "HEX5[5]" is stuck at VCC File: D:/371/lab4/task1.sv Line: 8
    Warning (13410): Pin "HEX5[6]" is stuck at VCC File: D:/371/lab4/task1.sv Line: 8
    Warning (13410): Pin "LEDR[0]" is stuck at GND File: D:/371/lab4/task1.sv Line: 9
    Warning (13410): Pin "LEDR[1]" is stuck at GND File: D:/371/lab4/task1.sv Line: 9
    Warning (13410): Pin "LEDR[2]" is stuck at GND File: D:/371/lab4/task1.sv Line: 9
    Warning (13410): Pin "LEDR[3]" is stuck at GND File: D:/371/lab4/task1.sv Line: 9
    Warning (13410): Pin "LEDR[4]" is stuck at GND File: D:/371/lab4/task1.sv Line: 9
    Warning (13410): Pin "LEDR[5]" is stuck at GND File: D:/371/lab4/task1.sv Line: 9
    Warning (13410): Pin "LEDR[6]" is stuck at GND File: D:/371/lab4/task1.sv Line: 9
    Warning (13410): Pin "LEDR[7]" is stuck at GND File: D:/371/lab4/task1.sv Line: 9
    Warning (13410): Pin "LEDR[8]" is stuck at GND File: D:/371/lab4/task1.sv Line: 9
Info (286030): Timing-Driven Synthesis is running
Info (17049): 13 registers lost all their fanouts during netlist optimizations.
Info (16010): Generating hard_block partition "hard_block:auto_generated_inst"
    Info (16011): Adding 0 node(s), including 0 DDIO, 0 PLL, 0 transceiver and 0 LCELL
Warning (21074): Design contains 4 input pin(s) that do not drive logic
    Warning (15610): No output dependent on input pin "KEY[1]" File: D:/371/lab4/task1.sv Line: 10
    Warning (15610): No output dependent on input pin "KEY[2]" File: D:/371/lab4/task1.sv Line: 10
    Warning (15610): No output dependent on input pin "KEY[3]" File: D:/371/lab4/task1.sv Line: 10
    Warning (15610): No output dependent on input pin "SW[8]" File: D:/371/lab4/task1.sv Line: 11
Info (21057): Implemented 112 device resources after synthesis - the final resource count might be different
    Info (21058): Implemented 15 input pins
    Info (21059): Implemented 52 output pins
    Info (21061): Implemented 45 logic cells
Info: Quartus Prime Analysis & Synthesis was successful. 0 errors, 53 warnings
    Info: Peak virtual memory: 4833 megabytes
    Info: Processing ended: Thu Nov 07 17:20:42 2019
    Info: Elapsed time: 00:00:18
    Info: Total CPU time (on all processors): 00:00:28


